<?xml version='1.0' encoding='UTF-8' ?>
<testsuite name="com.android.builder.testing.ConnectedDevice" tests="1" failures="1" errors="0" skipped="0" time="13.799" timestamp="2016-09-08T13:34:36" hostname="localhost">
  <properties>
    <property name="device" value="School(AVD) - 4.3.1" />
    <property name="flavor" value="" />
    <property name="project" value="exercises" />
  </properties>
  <testcase name="No tests found." classname="com.android.builder.testing.ConnectedDevice" time="0.001">
    <failure>No tests found. This usually means that your test classes are not in the form that your test runner expects (e.g. don't inherit from TestCase or lack &#64;Test annotations).</failure>
  </testcase>
</testsuite>